<?xml version="1.0" encoding="UTF-8"?>
<!-- Generated by org.testng.reporters.JUnitXMLReporter -->
<testsuite ignored="0" hostname="MT-10CHR93" failures="0" tests="3" name="contactTest" time="100.847" errors="0" timestamp="2021-10-29T13:10:33 IST">
  <testcase classname="Pages.contactSubmit" name="contactDataSubmit" time="30.05"/>
  <testcase classname="Pages.contactSubmit" name="contactDataSubmit" time="40.042"/>
  <testcase classname="Pages.contactSubmit" name="contactDataSubmit" time="29.148"/>
</testsuite> <!-- contactTest -->
