<?xml version="1.0" encoding="UTF-8"?>
<testng-results ignored="0" total="1" passed="1" failed="0" skipped="0">
  <reporter-output>
  </reporter-output>
  <suite started-at="2021-10-29T15:43:54 IST" name="Suite" finished-at="2021-10-29T15:44:36 IST" duration-ms="42072">
    <groups>
    </groups>
    <test started-at="2021-10-29T15:43:54 IST" name="TestBooking" finished-at="2021-10-29T15:44:36 IST" duration-ms="42072">
      <class name="Pages.ConfirmBooking">
        <test-method is-config="true" signature="getDriver()[pri:0, instance:Pages.ConfirmBooking@4947d]" started-at="2021-10-29T15:43:54 IST" name="getDriver" finished-at="2021-10-29T15:43:56 IST" duration-ms="1655" status="PASS">
          <reporter-output>
          </reporter-output>
        </test-method> <!-- getDriver -->
        <test-method signature="confirmBooking()[pri:0, instance:Pages.ConfirmBooking@4947d]" started-at="2021-10-29T15:43:56 IST" name="confirmBooking" finished-at="2021-10-29T15:44:35 IST" duration-ms="39730" status="PASS">
          <reporter-output>
          </reporter-output>
        </test-method> <!-- confirmBooking -->
        <test-method is-config="true" signature="endTest()[pri:0, instance:Pages.ConfirmBooking@4947d]" started-at="2021-10-29T15:44:35 IST" name="endTest" finished-at="2021-10-29T15:44:36 IST" duration-ms="662" status="PASS">
          <reporter-output>
          </reporter-output>
        </test-method> <!-- endTest -->
      </class> <!-- Pages.ConfirmBooking -->
    </test> <!-- TestBooking -->
  </suite> <!-- Suite -->
</testng-results>
